<?xml version="1.0" encoding="UTF-8"?>
<!-- Generated by org.testng.reporters.JUnitReportReporter -->
<testsuite hostname="DESKTOP-07AIDBS" failures="0" tests="1" name="com.powderhook.appium.cases.community.VerifyCommunityScreen" time="67.592" errors="0" timestamp="2020-02-16T21:41:24 CST" skipped="0">
  <testcase classname="com.powderhook.appium.cases.community.VerifyCommunityScreen" name="verifyCommunityScreenFcuntinality" time="67.592"/>
</testsuite> <!-- com.powderhook.appium.cases.community.VerifyCommunityScreen -->
