<?xml version="1.0" encoding="UTF-8"?>
<!-- Generated by org.testng.reporters.JUnitReportReporter -->
<testsuite hostname="S3-L5490-92KXPV2" failures="0" tests="1" name="com.powderhook.appium.cases.passreset.PasswordReset" time="27.009" errors="0" timestamp="2020-03-02T15:03:46 CST" skipped="0">
  <testcase classname="com.powderhook.appium.cases.passreset.PasswordReset" name="passReset" time="27.009"/>
</testsuite> <!-- com.powderhook.appium.cases.passreset.PasswordReset -->
