<?xml version="1.0" encoding="UTF-8"?>
<!-- Generated by org.testng.reporters.JUnitReportReporter -->
<testsuite hostname="DESKTOP-07AIDBS" failures="0" tests="1" name="com.powderhook.appium.cases.homescreen.VerifyCheckinBack" time="0.021" errors="0" timestamp="2020-02-07T10:02:15 CST" skipped="0">
  <testcase classname="com.powderhook.appium.cases.homescreen.VerifyCheckinBack" name="verifyCheckInBack" time="0.021"/>
</testsuite> <!-- com.powderhook.appium.cases.homescreen.VerifyCheckinBack -->
