<?xml version="1.0" encoding="UTF-8"?>
<!-- Generated by org.testng.reporters.JUnitReportReporter -->
<testsuite hostname="S3-L5490-92KXPV2" failures="0" tests="1" name="com.powderhook.appium.cases.feed.FeedAction" time="22.872" errors="0" timestamp="2020-02-27T09:22:15 CST" skipped="0">
  <testcase classname="com.powderhook.appium.cases.feed.FeedAction" name="clickFeed" time="22.872"/>
</testsuite> <!-- com.powderhook.appium.cases.feed.FeedAction -->
