<?xml version="1.0" encoding="UTF-8"?>
<!-- Generated by org.testng.reporters.JUnitReportReporter -->
<testsuite hostname="S3-L5490-92KXPV2" failures="0" tests="1" name="com.powderhook.appium.cases.joinnow.NewUser" time="31.049" errors="0" timestamp="2020-02-26T11:48:48 CST" skipped="0">
  <testcase classname="com.powderhook.appium.cases.joinnow.NewUser" name="JoinNow" time="31.049"/>
</testsuite> <!-- com.powderhook.appium.cases.joinnow.NewUser -->
