<?xml version="1.0" encoding="UTF-8"?>
<!-- Generated by org.testng.reporters.JUnitReportReporter -->
<testsuite hostname="S3-L5490-92KXPV2" failures="0" tests="2" name="com.powderhook.appium.cases.joinnow.NewUser" time="41.357" errors="0" timestamp="2020-03-02T17:15:47 CST" skipped="0">
  <testcase classname="com.powderhook.appium.cases.joinnow.NewUser" name="clickEvents" time="5.805"/>
  <testcase classname="com.powderhook.appium.cases.joinnow.NewUser" name="JoinNow" time="35.552"/>
</testsuite> <!-- com.powderhook.appium.cases.joinnow.NewUser -->
