<?xml version="1.0" encoding="UTF-8"?>
<!-- Generated by org.testng.reporters.JUnitReportReporter -->
<testsuite hostname="DESKTOP-07AIDBS" failures="0" tests="1" name="com.powderhook.appium.cases.homescreen.VerifyCheckinCancel" time="9.158" errors="0" timestamp="2020-02-08T23:57:37 CST" skipped="0">
  <testcase classname="com.powderhook.appium.cases.homescreen.VerifyCheckinCancel" name="verifyCheckInCancle" time="9.158"/>
</testsuite> <!-- com.powderhook.appium.cases.homescreen.VerifyCheckinCancel -->
