<?xml version="1.0" encoding="UTF-8"?>
<!-- Generated by org.testng.reporters.JUnitReportReporter -->
<testsuite hostname="DESKTOP-07AIDBS" failures="0" tests="1" name="com.powderhook.appium.cases.community.VerifyCommunityScreenFunctionality" time="215.218" errors="0" timestamp="2020-02-13T23:22:46 CST" skipped="0">
  <testcase classname="com.powderhook.appium.cases.community.VerifyCommunityScreenFunctionality" name="verifyCommunityScreenFcuntinality" time="215.218"/>
</testsuite> <!-- com.powderhook.appium.cases.community.VerifyCommunityScreenFunctionality -->
