<?xml version="1.0" encoding="UTF-8"?>
<!-- Generated by org.testng.reporters.JUnitReportReporter -->
<testsuite hostname="DESKTOP-07AIDBS" failures="0" tests="1" name="com.powderhook.appium.cases.login.VerifyValidLogIn" time="43.544" errors="0" timestamp="2020-02-13T10:10:39 CST" skipped="0">
  <testcase classname="com.powderhook.appium.cases.login.VerifyValidLogIn" name="verifyValidLogin" time="43.544"/>
</testsuite> <!-- com.powderhook.appium.cases.login.VerifyValidLogIn -->
