<?xml version="1.0" encoding="UTF-8"?>
<!-- Generated by org.testng.reporters.JUnitReportReporter -->
<testsuite hostname="S3-L5490-92KXPV2" failures="0" tests="1" name="com.powderhook.appium.cases.joinnow.NewUser" time="34.872" errors="0" timestamp="2020-03-02T14:56:37 CST" skipped="0">
  <testcase classname="com.powderhook.appium.cases.joinnow.NewUser" name="JoinNow" time="34.872"/>
</testsuite> <!-- com.powderhook.appium.cases.joinnow.NewUser -->
